build/app/intermediates/manifest_merge_blame_file/release/manifest-merger-blame-release-report.txt
1<?xml version="1.0" encoding="utf-8"?>
2<manifest xmlns:android="http://schemas.android.com/apk/res/android"
3    package="barmonkey.io"
4    android:versionCode="1"
5    android:versionName="1.0.0" >
6
7    <uses-sdk
8        android:minSdkVersion="20"
8-->src/main/AndroidManifest.xml
9        android:targetSdkVersion="33" />
9-->src/main/AndroidManifest.xml
10
11    <uses-permission android:name="android.permission.INTERNET" />
11-->src/main/AndroidManifest.xml:2:5-66
11-->src/main/AndroidManifest.xml:2:22-64
12    <uses-permission android:name="android.permission.ACCESS_FINE_LOCATION" />
12-->src/main/AndroidManifest.xml:3:5-79
12-->src/main/AndroidManifest.xml:3:22-76
13    <uses-permission android:name="android.permission.ACCESS_COARSE_LOCATION" />
13-->src/main/AndroidManifest.xml:4:5-81
13-->src/main/AndroidManifest.xml:4:22-78
14    <uses-permission android:name="android.permission.FOREGROUND_SERVICE" />
14-->src/main/AndroidManifest.xml:5:5-77
14-->src/main/AndroidManifest.xml:5:22-74
15    <uses-permission android:name="android.permission.ACCESS_BACKGROUND_LOCATION" />
15-->src/main/AndroidManifest.xml:6:5-84
15-->src/main/AndroidManifest.xml:6:22-82
16    <uses-permission android:name="android.permission.READ_CONTACTS" />
16-->src/main/AndroidManifest.xml:7:5-72
16-->src/main/AndroidManifest.xml:7:22-69
17    <uses-permission android:name="android.permission.WRITE_CONTACTS" />
17-->src/main/AndroidManifest.xml:8:5-73
17-->src/main/AndroidManifest.xml:8:22-70
18
19    <queries>
19-->src/main/AndroidManifest.xml:9:5-15:13
20        <package android:name="com.google.android.apps.maps" />
20-->src/main/AndroidManifest.xml:10:7-62
20-->src/main/AndroidManifest.xml:10:16-59
21
22        <intent>
22-->src/main/AndroidManifest.xml:11:7-14:16
23            <action android:name="android.intent.action.VIEW" />
23-->src/main/AndroidManifest.xml:12:11-63
23-->src/main/AndroidManifest.xml:12:19-60
24
25            <data android:mimeType="text/plain" />
25-->src/main/AndroidManifest.xml:13:11-49
25-->src/main/AndroidManifest.xml:13:17-46
26        </intent>
27        <intent>
27-->[:contacts_service] AndroidManifest.xml:10:9-12:18
28            <action android:name="android.accounts.AccountAuthenticator" />
28-->[:contacts_service] AndroidManifest.xml:11:13-76
28-->[:contacts_service] AndroidManifest.xml:11:21-73
29        </intent> <!-- Allows the app to load an icon corresponding to the custom MIME type. -->
30        <intent>
30-->[:contacts_service] AndroidManifest.xml:14:9-21:18
31            <action android:name="android.intent.action.VIEW" />
31-->src/main/AndroidManifest.xml:12:11-63
31-->src/main/AndroidManifest.xml:12:19-60
32
33            <data
33-->src/main/AndroidManifest.xml:13:11-49
34                android:host="com.android.contacts"
35                android:mimeType="vnd.android.cursor.item/*"
35-->src/main/AndroidManifest.xml:13:17-46
36                android:scheme="content" />
37        </intent>
38    </queries>
39
40    <uses-permission android:name="android.permission.WAKE_LOCK" />
40-->[:firebase_messaging] AndroidManifest.xml:10:5-68
40-->[:firebase_messaging] AndroidManifest.xml:10:22-65
41    <uses-permission android:name="android.permission.ACCESS_NETWORK_STATE" /> <!-- Permissions options for the `notification` group -->
41-->[:firebase_messaging] AndroidManifest.xml:11:5-79
41-->[:firebase_messaging] AndroidManifest.xml:11:22-76
42    <uses-permission android:name="android.permission.POST_NOTIFICATIONS" />
42-->[:firebase_messaging] AndroidManifest.xml:13:5-77
42-->[:firebase_messaging] AndroidManifest.xml:13:22-74
43    <uses-permission android:name="android.permission.RECEIVE_BOOT_COMPLETED" />
43-->[:flutter_local_notifications] AndroidManifest.xml:9:5-81
43-->[:flutter_local_notifications] AndroidManifest.xml:9:22-78
44    <uses-permission android:name="android.permission.VIBRATE" />
44-->[:flutter_local_notifications] AndroidManifest.xml:10:5-66
44-->[:flutter_local_notifications] AndroidManifest.xml:10:22-63
45    <uses-permission android:name="android.permission.USE_FULL_SCREEN_INTENT" />
45-->[:flutter_local_notifications] AndroidManifest.xml:11:5-81
45-->[:flutter_local_notifications] AndroidManifest.xml:11:22-78
46    <uses-permission android:name="android.permission.SCHEDULE_EXACT_ALARM" />
46-->[:flutter_local_notifications] AndroidManifest.xml:12:5-79
46-->[:flutter_local_notifications] AndroidManifest.xml:12:22-76
47
48    <uses-feature
48-->[com.google.android.gms:play-services-maps:18.1.0] AndroidManifest.xml:26:5-28:35
49        android:glEsVersion="0x00020000"
49-->[com.google.android.gms:play-services-maps:18.1.0] AndroidManifest.xml:27:9-41
50        android:required="true" /> <!-- Required by older versions of Google Play services to create IID tokens -->
50-->[com.google.android.gms:play-services-maps:18.1.0] AndroidManifest.xml:28:9-32
51    <uses-permission android:name="com.google.android.c2dm.permission.RECEIVE" />
51-->[com.google.firebase:firebase-messaging:23.2.0] AndroidManifest.xml:28:5-82
51-->[com.google.firebase:firebase-messaging:23.2.0] AndroidManifest.xml:28:22-79
52    <uses-permission android:name="com.google.android.gms.permission.AD_ID" />
52-->[com.google.android.gms:play-services-measurement-api:21.3.0] AndroidManifest.xml:25:5-79
52-->[com.google.android.gms:play-services-measurement-api:21.3.0] AndroidManifest.xml:25:22-76
53    <uses-permission android:name="com.google.android.finsky.permission.BIND_GET_INSTALL_REFERRER_SERVICE" />
53-->[com.google.android.gms:play-services-measurement:21.3.0] AndroidManifest.xml:26:5-110
53-->[com.google.android.gms:play-services-measurement:21.3.0] AndroidManifest.xml:26:22-107
54
55    <permission
55-->[androidx.core:core:1.10.1] AndroidManifest.xml:22:5-24:47
56        android:name="barmonkey.io.DYNAMIC_RECEIVER_NOT_EXPORTED_PERMISSION"
56-->[androidx.core:core:1.10.1] AndroidManifest.xml:23:9-81
57        android:protectionLevel="signature" />
57-->[androidx.core:core:1.10.1] AndroidManifest.xml:24:9-44
58
59    <uses-permission android:name="barmonkey.io.DYNAMIC_RECEIVER_NOT_EXPORTED_PERMISSION" />
59-->[androidx.core:core:1.10.1] AndroidManifest.xml:26:5-97
59-->[androidx.core:core:1.10.1] AndroidManifest.xml:26:22-94
60    <uses-permission android:name="android.permission.CAMERA" /> <!-- Don't require camera, as this requires a rear camera. This allows it to work on the Nexus 7 -->
60-->[com.journeyapps:zxing-android-embedded:4.3.0] AndroidManifest.xml:22:5-65
60-->[com.journeyapps:zxing-android-embedded:4.3.0] AndroidManifest.xml:22:22-62
61    <uses-feature
61-->[com.journeyapps:zxing-android-embedded:4.3.0] AndroidManifest.xml:25:5-27:36
62        android:name="android.hardware.camera"
62-->[com.journeyapps:zxing-android-embedded:4.3.0] AndroidManifest.xml:26:9-47
63        android:required="false" />
63-->[com.journeyapps:zxing-android-embedded:4.3.0] AndroidManifest.xml:27:9-33
64    <uses-feature
64-->[com.journeyapps:zxing-android-embedded:4.3.0] AndroidManifest.xml:28:5-30:36
65        android:name="android.hardware.camera.front"
65-->[com.journeyapps:zxing-android-embedded:4.3.0] AndroidManifest.xml:29:9-53
66        android:required="false" /> <!-- TODO replace above two with next line after Android 4.2 -->
66-->[com.journeyapps:zxing-android-embedded:4.3.0] AndroidManifest.xml:30:9-33
67    <!-- <uses-feature android:name="android.hardware.camera.any"/> -->
68    <uses-feature
68-->[com.journeyapps:zxing-android-embedded:4.3.0] AndroidManifest.xml:33:5-35:36
69        android:name="android.hardware.camera.autofocus"
69-->[com.journeyapps:zxing-android-embedded:4.3.0] AndroidManifest.xml:34:9-57
70        android:required="false" />
70-->[com.journeyapps:zxing-android-embedded:4.3.0] AndroidManifest.xml:35:9-33
71    <uses-feature
71-->[com.journeyapps:zxing-android-embedded:4.3.0] AndroidManifest.xml:36:5-38:36
72        android:name="android.hardware.camera.flash"
72-->[com.journeyapps:zxing-android-embedded:4.3.0] AndroidManifest.xml:37:9-53
73        android:required="false" />
73-->[com.journeyapps:zxing-android-embedded:4.3.0] AndroidManifest.xml:38:9-33
74    <uses-feature
74-->[com.journeyapps:zxing-android-embedded:4.3.0] AndroidManifest.xml:39:5-41:36
75        android:name="android.hardware.screen.landscape"
75-->[com.journeyapps:zxing-android-embedded:4.3.0] AndroidManifest.xml:40:9-57
76        android:required="false" />
76-->[com.journeyapps:zxing-android-embedded:4.3.0] AndroidManifest.xml:41:9-33
77    <uses-feature
77-->[com.journeyapps:zxing-android-embedded:4.3.0] AndroidManifest.xml:42:5-44:36
78        android:name="android.hardware.wifi"
78-->[com.journeyapps:zxing-android-embedded:4.3.0] AndroidManifest.xml:43:9-45
79        android:required="false" />
79-->[com.journeyapps:zxing-android-embedded:4.3.0] AndroidManifest.xml:44:9-33
80
81    <application
82        android:name="android.app.Application"
82-->src/main/AndroidManifest.xml:18:9-42
83        android:appComponentFactory="androidx.core.app.CoreComponentFactory"
83-->[androidx.core:core:1.10.1] AndroidManifest.xml:28:18-86
84        android:icon="@mipmap/launcher_icon"
84-->src/main/AndroidManifest.xml:19:9-45
85        android:label="BarMonkey" >
85-->src/main/AndroidManifest.xml:17:9-34
86        <activity
86-->src/main/AndroidManifest.xml:20:9-23:71
87            android:name="com.yalantis.ucrop.UCropActivity"
87-->src/main/AndroidManifest.xml:21:13-60
88            android:screenOrientation="portrait"
88-->src/main/AndroidManifest.xml:22:13-49
89            android:theme="@style/Theme.AppCompat.Light.NoActionBar" />
89-->src/main/AndroidManifest.xml:23:13-69
90        <activity
90-->src/main/AndroidManifest.xml:24:9-45:20
91            android:name="barmonkey.io.MainActivity"
91-->src/main/AndroidManifest.xml:25:13-41
92            android:configChanges="orientation|keyboardHidden|keyboard|screenSize|smallestScreenSize|locale|layoutDirection|fontScale|screenLayout|density|uiMode"
92-->src/main/AndroidManifest.xml:29:13-163
93            android:exported="true"
93-->src/main/AndroidManifest.xml:26:13-36
94            android:hardwareAccelerated="true"
94-->src/main/AndroidManifest.xml:30:13-47
95            android:launchMode="singleTop"
95-->src/main/AndroidManifest.xml:27:13-43
96            android:theme="@style/LaunchTheme"
96-->src/main/AndroidManifest.xml:28:13-47
97            android:windowSoftInputMode="adjustResize" >
97-->src/main/AndroidManifest.xml:31:13-55
98
99            <!--
100                 Specifies an Android theme to apply to this Activity as soon as
101                 the Android process has started. This theme is visible to the user
102                 while the Flutter UI initializes. After that, this theme continues
103                 to determine the Window background behind the Flutter UI.
104            -->
105            <meta-data
105-->src/main/AndroidManifest.xml:37:13-40:17
106                android:name="io.flutter.embedding.android.NormalTheme"
106-->src/main/AndroidManifest.xml:38:15-70
107                android:resource="@style/NormalTheme" />
107-->src/main/AndroidManifest.xml:39:15-52
108
109            <intent-filter>
109-->src/main/AndroidManifest.xml:41:13-44:29
110                <action android:name="android.intent.action.MAIN" />
110-->src/main/AndroidManifest.xml:42:17-68
110-->src/main/AndroidManifest.xml:42:25-66
111
112                <category android:name="android.intent.category.LAUNCHER" />
112-->src/main/AndroidManifest.xml:43:17-76
112-->src/main/AndroidManifest.xml:43:27-74
113            </intent-filter>
114        </activity>
115        <!--
116             Don't delete the meta-data below.
117             This is used by the Flutter tool to generate GeneratedPluginRegistrant.java
118        -->
119        <meta-data
119-->src/main/AndroidManifest.xml:48:14-50:58
120            android:name="com.google.firebase.messaging.default_notification_channel_id"
120-->src/main/AndroidManifest.xml:49:14-91
121            android:value="high_importance_channel" />
121-->src/main/AndroidManifest.xml:50:14-55
122        <meta-data
122-->src/main/AndroidManifest.xml:51:9-53:33
123            android:name="flutterEmbedding"
123-->src/main/AndroidManifest.xml:52:13-44
124            android:value="2" />
124-->src/main/AndroidManifest.xml:53:13-30
125        <meta-data
125-->src/main/AndroidManifest.xml:54:17-55:74
126            android:name="com.google.android.geo.API_KEY"
126-->src/main/AndroidManifest.xml:54:28-73
127            android:value="AIzaSyBxKKPv9x_3Dlq9oufZKbnOQ6NAWMS6utw" />
127-->src/main/AndroidManifest.xml:55:17-72
128
129        <service
129-->[:firebase_auth] AndroidManifest.xml:10:9-14:19
130            android:name="com.google.firebase.components.ComponentDiscoveryService"
130-->[:firebase_auth] AndroidManifest.xml:10:18-89
131            android:directBootAware="true"
131-->[com.google.firebase:firebase-common:20.3.3] AndroidManifest.xml:34:13-43
132            android:exported="false" >
132-->[com.google.firebase:firebase-auth:22.1.0] AndroidManifest.xml:68:13-37
133            <meta-data
133-->[:firebase_auth] AndroidManifest.xml:11:13-13:85
134                android:name="com.google.firebase.components:io.flutter.plugins.firebase.auth.FlutterFirebaseAuthRegistrar"
134-->[:firebase_auth] AndroidManifest.xml:12:17-124
135                android:value="com.google.firebase.components.ComponentRegistrar" />
135-->[:firebase_auth] AndroidManifest.xml:13:17-82
136            <meta-data
136-->[:firebase_messaging] AndroidManifest.xml:38:13-40:85
137                android:name="com.google.firebase.components:io.flutter.plugins.firebase.messaging.FlutterFirebaseAppRegistrar"
137-->[:firebase_messaging] AndroidManifest.xml:39:17-128
138                android:value="com.google.firebase.components.ComponentRegistrar" />
138-->[:firebase_messaging] AndroidManifest.xml:40:17-82
139            <meta-data
139-->[:firebase_core] AndroidManifest.xml:11:13-13:85
140                android:name="com.google.firebase.components:io.flutter.plugins.firebase.core.FlutterFirebaseCoreRegistrar"
140-->[:firebase_core] AndroidManifest.xml:12:17-124
141                android:value="com.google.firebase.components.ComponentRegistrar" />
141-->[:firebase_core] AndroidManifest.xml:13:17-82
142            <meta-data
142-->[com.google.firebase:firebase-auth:22.1.0] AndroidManifest.xml:69:13-71:85
143                android:name="com.google.firebase.components:com.google.firebase.auth.FirebaseAuthRegistrar"
143-->[com.google.firebase:firebase-auth:22.1.0] AndroidManifest.xml:70:17-109
144                android:value="com.google.firebase.components.ComponentRegistrar" />
144-->[com.google.firebase:firebase-auth:22.1.0] AndroidManifest.xml:71:17-82
145            <meta-data
145-->[com.google.firebase:firebase-messaging:23.2.0] AndroidManifest.xml:55:13-57:85
146                android:name="com.google.firebase.components:com.google.firebase.messaging.FirebaseMessagingRegistrar"
146-->[com.google.firebase:firebase-messaging:23.2.0] AndroidManifest.xml:56:17-119
147                android:value="com.google.firebase.components.ComponentRegistrar" />
147-->[com.google.firebase:firebase-messaging:23.2.0] AndroidManifest.xml:57:17-82
148            <meta-data
148-->[com.google.android.gms:play-services-measurement-api:21.3.0] AndroidManifest.xml:31:13-33:85
149                android:name="com.google.firebase.components:com.google.firebase.analytics.connector.internal.AnalyticsConnectorRegistrar"
149-->[com.google.android.gms:play-services-measurement-api:21.3.0] AndroidManifest.xml:32:17-139
150                android:value="com.google.firebase.components.ComponentRegistrar" />
150-->[com.google.android.gms:play-services-measurement-api:21.3.0] AndroidManifest.xml:33:17-82
151            <meta-data
151-->[com.google.firebase:firebase-datatransport:18.1.7] AndroidManifest.xml:27:13-29:85
152                android:name="com.google.firebase.components:com.google.firebase.datatransport.TransportRegistrar"
152-->[com.google.firebase:firebase-datatransport:18.1.7] AndroidManifest.xml:28:17-115
153                android:value="com.google.firebase.components.ComponentRegistrar" />
153-->[com.google.firebase:firebase-datatransport:18.1.7] AndroidManifest.xml:29:17-82
154            <meta-data
154-->[com.google.firebase:firebase-iid:21.1.0] AndroidManifest.xml:32:13-34:85
155                android:name="com.google.firebase.components:com.google.firebase.iid.Registrar"
155-->[com.google.firebase:firebase-iid:21.1.0] AndroidManifest.xml:33:17-96
156                android:value="com.google.firebase.components.ComponentRegistrar" />
156-->[com.google.firebase:firebase-iid:21.1.0] AndroidManifest.xml:34:17-82
157            <meta-data
157-->[com.google.firebase:firebase-installations:17.1.3] AndroidManifest.xml:17:13-19:85
158                android:name="com.google.firebase.components:com.google.firebase.installations.FirebaseInstallationsRegistrar"
158-->[com.google.firebase:firebase-installations:17.1.3] AndroidManifest.xml:18:17-127
159                android:value="com.google.firebase.components.ComponentRegistrar" />
159-->[com.google.firebase:firebase-installations:17.1.3] AndroidManifest.xml:19:17-82
160        </service>
161        <service
161-->[:firebase_messaging] AndroidManifest.xml:16:9-19:72
162            android:name="io.flutter.plugins.firebase.messaging.FlutterFirebaseMessagingBackgroundService"
162-->[:firebase_messaging] AndroidManifest.xml:17:13-107
163            android:exported="false"
163-->[:firebase_messaging] AndroidManifest.xml:18:13-37
164            android:permission="android.permission.BIND_JOB_SERVICE" />
164-->[:firebase_messaging] AndroidManifest.xml:19:13-69
165        <service
165-->[:firebase_messaging] AndroidManifest.xml:20:9-26:19
166            android:name="io.flutter.plugins.firebase.messaging.FlutterFirebaseMessagingService"
166-->[:firebase_messaging] AndroidManifest.xml:21:13-97
167            android:exported="false" >
167-->[:firebase_messaging] AndroidManifest.xml:22:13-37
168            <intent-filter>
168-->[:firebase_messaging] AndroidManifest.xml:23:13-25:29
169                <action android:name="com.google.firebase.MESSAGING_EVENT" />
169-->[:firebase_messaging] AndroidManifest.xml:24:17-78
169-->[:firebase_messaging] AndroidManifest.xml:24:25-75
170            </intent-filter>
171        </service>
172
173        <receiver
173-->[:firebase_messaging] AndroidManifest.xml:28:9-35:20
174            android:name="io.flutter.plugins.firebase.messaging.FlutterFirebaseMessagingReceiver"
174-->[:firebase_messaging] AndroidManifest.xml:29:13-98
175            android:exported="true"
175-->[:firebase_messaging] AndroidManifest.xml:30:13-36
176            android:permission="com.google.android.c2dm.permission.SEND" >
176-->[:firebase_messaging] AndroidManifest.xml:31:13-73
177            <intent-filter>
177-->[:firebase_messaging] AndroidManifest.xml:32:13-34:29
178                <action android:name="com.google.android.c2dm.intent.RECEIVE" />
178-->[:firebase_messaging] AndroidManifest.xml:33:17-81
178-->[:firebase_messaging] AndroidManifest.xml:33:25-78
179            </intent-filter>
180        </receiver>
181
182        <provider
182-->[:firebase_messaging] AndroidManifest.xml:43:9-47:38
183            android:name="io.flutter.plugins.firebase.messaging.FlutterFirebaseMessagingInitProvider"
183-->[:firebase_messaging] AndroidManifest.xml:44:13-102
184            android:authorities="barmonkey.io.flutterfirebasemessaginginitprovider"
184-->[:firebase_messaging] AndroidManifest.xml:45:13-88
185            android:exported="false"
185-->[:firebase_messaging] AndroidManifest.xml:46:13-37
186            android:initOrder="99" />
186-->[:firebase_messaging] AndroidManifest.xml:47:13-35
187
188        <service
188-->[:geolocator_android] AndroidManifest.xml:12:9-16:56
189            android:name="com.baseflow.geolocator.GeolocatorLocationService"
189-->[:geolocator_android] AndroidManifest.xml:13:13-77
190            android:enabled="true"
190-->[:geolocator_android] AndroidManifest.xml:14:13-35
191            android:exported="false"
191-->[:geolocator_android] AndroidManifest.xml:15:13-37
192            android:foregroundServiceType="location" />
192-->[:geolocator_android] AndroidManifest.xml:16:13-53
193
194        <provider
194-->[:image_picker_android] AndroidManifest.xml:10:9-18:20
195            android:name="io.flutter.plugins.imagepicker.ImagePickerFileProvider"
195-->[:image_picker_android] AndroidManifest.xml:11:13-82
196            android:authorities="barmonkey.io.flutter.image_provider"
196-->[:image_picker_android] AndroidManifest.xml:12:13-74
197            android:exported="false"
197-->[:image_picker_android] AndroidManifest.xml:13:13-37
198            android:grantUriPermissions="true" >
198-->[:image_picker_android] AndroidManifest.xml:14:13-47
199            <meta-data
199-->[:image_picker_android] AndroidManifest.xml:15:13-17:75
200                android:name="android.support.FILE_PROVIDER_PATHS"
200-->[:image_picker_android] AndroidManifest.xml:16:17-67
201                android:resource="@xml/flutter_image_picker_file_paths" />
201-->[:image_picker_android] AndroidManifest.xml:17:17-72
202        </provider>
203
204        <receiver
204-->[:flutter_local_notifications] AndroidManifest.xml:16:9-18:40
205            android:name="com.dexterous.flutterlocalnotifications.ActionBroadcastReceiver"
205-->[:flutter_local_notifications] AndroidManifest.xml:17:13-91
206            android:exported="false" />
206-->[:flutter_local_notifications] AndroidManifest.xml:18:13-37
207        <receiver
207-->[:flutter_local_notifications] AndroidManifest.xml:19:9-21:40
208            android:name="com.dexterous.flutterlocalnotifications.ScheduledNotificationReceiver"
208-->[:flutter_local_notifications] AndroidManifest.xml:20:13-97
209            android:exported="false" />
209-->[:flutter_local_notifications] AndroidManifest.xml:21:13-37
210        <receiver
210-->[:flutter_local_notifications] AndroidManifest.xml:22:9-31:20
211            android:name="com.dexterous.flutterlocalnotifications.ScheduledNotificationBootReceiver"
211-->[:flutter_local_notifications] AndroidManifest.xml:23:13-101
212            android:exported="false" >
212-->[:flutter_local_notifications] AndroidManifest.xml:24:13-37
213            <intent-filter>
213-->[:flutter_local_notifications] AndroidManifest.xml:25:13-30:29
214                <action android:name="android.intent.action.BOOT_COMPLETED" />
214-->[:flutter_local_notifications] AndroidManifest.xml:26:17-79
214-->[:flutter_local_notifications] AndroidManifest.xml:26:25-76
215                <action android:name="android.intent.action.MY_PACKAGE_REPLACED" />
215-->[:flutter_local_notifications] AndroidManifest.xml:27:17-84
215-->[:flutter_local_notifications] AndroidManifest.xml:27:25-81
216                <action android:name="android.intent.action.QUICKBOOT_POWERON" />
216-->[:flutter_local_notifications] AndroidManifest.xml:28:17-82
216-->[:flutter_local_notifications] AndroidManifest.xml:28:25-79
217                <action android:name="com.htc.intent.action.QUICKBOOT_POWERON" />
217-->[:flutter_local_notifications] AndroidManifest.xml:29:17-82
217-->[:flutter_local_notifications] AndroidManifest.xml:29:25-79
218            </intent-filter>
219        </receiver>
220
221        <activity
221-->[:url_launcher_android] AndroidManifest.xml:10:9-13:74
222            android:name="io.flutter.plugins.urllauncher.WebViewActivity"
222-->[:url_launcher_android] AndroidManifest.xml:11:13-74
223            android:exported="false"
223-->[:url_launcher_android] AndroidManifest.xml:12:13-37
224            android:theme="@android:style/Theme.NoTitleBar.Fullscreen" />
224-->[:url_launcher_android] AndroidManifest.xml:13:13-71
225
226        <service
226-->[:location] AndroidManifest.xml:13:9-17:56
227            android:name="com.lyokone.location.FlutterLocationService"
227-->[:location] AndroidManifest.xml:14:13-71
228            android:enabled="true"
228-->[:location] AndroidManifest.xml:15:13-35
229            android:exported="false"
229-->[:location] AndroidManifest.xml:16:13-37
230            android:foregroundServiceType="location" />
230-->[:location] AndroidManifest.xml:17:13-53
231
232        <activity
232-->[com.google.firebase:firebase-auth:22.1.0] AndroidManifest.xml:29:9-46:20
233            android:name="com.google.firebase.auth.internal.GenericIdpActivity"
233-->[com.google.firebase:firebase-auth:22.1.0] AndroidManifest.xml:30:13-80
234            android:excludeFromRecents="true"
234-->[com.google.firebase:firebase-auth:22.1.0] AndroidManifest.xml:31:13-46
235            android:exported="true"
235-->[com.google.firebase:firebase-auth:22.1.0] AndroidManifest.xml:32:13-36
236            android:launchMode="singleTask"
236-->[com.google.firebase:firebase-auth:22.1.0] AndroidManifest.xml:33:13-44
237            android:theme="@android:style/Theme.Translucent.NoTitleBar" >
237-->[com.google.firebase:firebase-auth:22.1.0] AndroidManifest.xml:34:13-72
238            <intent-filter>
238-->[com.google.firebase:firebase-auth:22.1.0] AndroidManifest.xml:35:13-45:29
239                <action android:name="android.intent.action.VIEW" />
239-->src/main/AndroidManifest.xml:12:11-63
239-->src/main/AndroidManifest.xml:12:19-60
240
241                <category android:name="android.intent.category.DEFAULT" />
241-->[com.google.firebase:firebase-auth:22.1.0] AndroidManifest.xml:38:17-76
241-->[com.google.firebase:firebase-auth:22.1.0] AndroidManifest.xml:38:27-73
242                <category android:name="android.intent.category.BROWSABLE" />
242-->[com.google.firebase:firebase-auth:22.1.0] AndroidManifest.xml:39:17-78
242-->[com.google.firebase:firebase-auth:22.1.0] AndroidManifest.xml:39:27-75
243
244                <data
244-->src/main/AndroidManifest.xml:13:11-49
245                    android:host="firebase.auth"
246                    android:path="/"
247                    android:scheme="genericidp" />
248            </intent-filter>
249        </activity>
250        <activity
250-->[com.google.firebase:firebase-auth:22.1.0] AndroidManifest.xml:47:9-64:20
251            android:name="com.google.firebase.auth.internal.RecaptchaActivity"
251-->[com.google.firebase:firebase-auth:22.1.0] AndroidManifest.xml:48:13-79
252            android:excludeFromRecents="true"
252-->[com.google.firebase:firebase-auth:22.1.0] AndroidManifest.xml:49:13-46
253            android:exported="true"
253-->[com.google.firebase:firebase-auth:22.1.0] AndroidManifest.xml:50:13-36
254            android:launchMode="singleTask"
254-->[com.google.firebase:firebase-auth:22.1.0] AndroidManifest.xml:51:13-44
255            android:theme="@android:style/Theme.Translucent.NoTitleBar" >
255-->[com.google.firebase:firebase-auth:22.1.0] AndroidManifest.xml:52:13-72
256            <intent-filter>
256-->[com.google.firebase:firebase-auth:22.1.0] AndroidManifest.xml:53:13-63:29
257                <action android:name="android.intent.action.VIEW" />
257-->src/main/AndroidManifest.xml:12:11-63
257-->src/main/AndroidManifest.xml:12:19-60
258
259                <category android:name="android.intent.category.DEFAULT" />
259-->[com.google.firebase:firebase-auth:22.1.0] AndroidManifest.xml:38:17-76
259-->[com.google.firebase:firebase-auth:22.1.0] AndroidManifest.xml:38:27-73
260                <category android:name="android.intent.category.BROWSABLE" />
260-->[com.google.firebase:firebase-auth:22.1.0] AndroidManifest.xml:39:17-78
260-->[com.google.firebase:firebase-auth:22.1.0] AndroidManifest.xml:39:27-75
261
262                <data
262-->src/main/AndroidManifest.xml:13:11-49
263                    android:host="firebase.auth"
264                    android:path="/"
265                    android:scheme="recaptcha" />
266            </intent-filter>
267        </activity> <!-- Needs to be explicitly declared on P+ -->
268        <uses-library
268-->[com.google.android.gms:play-services-maps:18.1.0] AndroidManifest.xml:39:9-41:40
269            android:name="org.apache.http.legacy"
269-->[com.google.android.gms:play-services-maps:18.1.0] AndroidManifest.xml:40:13-50
270            android:required="false" />
270-->[com.google.android.gms:play-services-maps:18.1.0] AndroidManifest.xml:41:13-37
271
272        <receiver
272-->[com.google.firebase:firebase-messaging:23.2.0] AndroidManifest.xml:31:9-38:20
273            android:name="com.google.firebase.iid.FirebaseInstanceIdReceiver"
273-->[com.google.firebase:firebase-messaging:23.2.0] AndroidManifest.xml:32:13-78
274            android:exported="true"
274-->[com.google.firebase:firebase-messaging:23.2.0] AndroidManifest.xml:33:13-36
275            android:permission="com.google.android.c2dm.permission.SEND" >
275-->[com.google.firebase:firebase-messaging:23.2.0] AndroidManifest.xml:34:13-73
276            <intent-filter>
276-->[:firebase_messaging] AndroidManifest.xml:32:13-34:29
277                <action android:name="com.google.android.c2dm.intent.RECEIVE" />
277-->[:firebase_messaging] AndroidManifest.xml:33:17-81
277-->[:firebase_messaging] AndroidManifest.xml:33:25-78
278            </intent-filter>
279        </receiver>
280        <!--
281             FirebaseMessagingService performs security checks at runtime,
282             but set to not exported to explicitly avoid allowing another app to call it.
283        -->
284        <service
284-->[com.google.firebase:firebase-messaging:23.2.0] AndroidManifest.xml:44:9-51:19
285            android:name="com.google.firebase.messaging.FirebaseMessagingService"
285-->[com.google.firebase:firebase-messaging:23.2.0] AndroidManifest.xml:45:13-82
286            android:directBootAware="true"
286-->[com.google.firebase:firebase-messaging:23.2.0] AndroidManifest.xml:46:13-43
287            android:exported="false" >